<?xml version="1.0" encoding="UTF-8"?>
<!-- Generated by org.testng.reporters.JUnitReportReporter -->
<testsuite skipped="0" hostname="Hriday" name="com.automation.testsuite.WomenCategoryPageTest" tests="5" failures="0" timestamp="2022-05-08T10:59:17 CEST" time="53.462" errors="0">
  <testcase name="verifyUserShouldAddProductToTheCartSuccessfully" time="14.128" classname="com.automation.testsuite.WomenCategoryPageTest"/>
  <system-out>
    <![CDATA[Clicking on Women tab [[ChromeDriver: chrome on WINDOWS (e85cbc9a1f4df253bbe8a74c88a92af6)] -> xpath: //a[@class='sf-with-ul' and contains(text(),'Women')]]
Clicking on Printed Dress [[ChromeDriver: chrome on WINDOWS (e85cbc9a1f4df253bbe8a74c88a92af6)] -> xpath: //body/div[@id='page']/div[2]/div[1]/div[3]/div[2]/ul[1]/li[3]/div[1]/div[2]/h5[1]/a[1]]
Clearing Quantity [[ChromeDriver: chrome on WINDOWS (e85cbc9a1f4df253bbe8a74c88a92af6)] -> xpath: //input[@id='quantity_wanted']]
Sending text to Quantity [[ChromeDriver: chrome on WINDOWS (e85cbc9a1f4df253bbe8a74c88a92af6)] -> xpath: //input[@id='quantity_wanted']]
Setting Size [[ChromeDriver: chrome on WINDOWS (e85cbc9a1f4df253bbe8a74c88a92af6)] -> xpath: //select[@id='group_1']]
Selecting Orange Colour [[ChromeDriver: chrome on WINDOWS (e85cbc9a1f4df253bbe8a74c88a92af6)] -> xpath: //a[@name='Orange']]
Clicking on Add to Cart [[ChromeDriver: chrome on WINDOWS (e85cbc9a1f4df253bbe8a74c88a92af6)] -> xpath: //span[contains(text(),'Add to cart')]]
Getting Confirm Message [[ChromeDriver: chrome on WINDOWS (e85cbc9a1f4df253bbe8a74c88a92af6)] -> xpath: //div[@class='layer_cart_product col-xs-12 col-md-6']]
Clicking on Close button [[ChromeDriver: chrome on WINDOWS (e85cbc9a1f4df253bbe8a74c88a92af6)] -> xpath: //header/div[3]/div[1]/div[1]/div[4]/div[1]/div[1]/span[1]]]]>
  </system-out>
  <testcase name="verifyUserShouldAddProductToTheCartSuccessfully" time="10.363" classname="com.automation.testsuite.WomenCategoryPageTest"/>
  <system-out>
    <![CDATA[Clicking on Women tab [[ChromeDriver: chrome on WINDOWS (a381325a08fabd1c6e62b78c3e071f37)] -> xpath: //a[@class='sf-with-ul' and contains(text(),'Women')]]
Clicking on Printed Chiffon Dress [[ChromeDriver: chrome on WINDOWS (a381325a08fabd1c6e62b78c3e071f37)] -> xpath: //a[contains(text(),'Printed Chiffon Dress')]]
Clearing Quantity [[ChromeDriver: chrome on WINDOWS (a381325a08fabd1c6e62b78c3e071f37)] -> xpath: //input[@id='quantity_wanted']]
Sending text to Quantity [[ChromeDriver: chrome on WINDOWS (a381325a08fabd1c6e62b78c3e071f37)] -> xpath: //input[@id='quantity_wanted']]
Setting Size [[ChromeDriver: chrome on WINDOWS (a381325a08fabd1c6e62b78c3e071f37)] -> xpath: //select[@id='group_1']]
Selecting Green Colour [[ChromeDriver: chrome on WINDOWS (a381325a08fabd1c6e62b78c3e071f37)] -> xpath: //a[@name='Green']]
Clicking on Add to Cart [[ChromeDriver: chrome on WINDOWS (a381325a08fabd1c6e62b78c3e071f37)] -> xpath: //span[contains(text(),'Add to cart')]]
Getting Confirm Message [[ChromeDriver: chrome on WINDOWS (a381325a08fabd1c6e62b78c3e071f37)] -> xpath: //div[@class='layer_cart_product col-xs-12 col-md-6']]
Clicking on Close button [[ChromeDriver: chrome on WINDOWS (a381325a08fabd1c6e62b78c3e071f37)] -> xpath: //header/div[3]/div[1]/div[1]/div[4]/div[1]/div[1]/span[1]]]]>
  </system-out>
  <testcase name="verifyUserShouldNavigateToWomenCategoryPageSuccessfully" time="7.703" classname="com.automation.testsuite.WomenCategoryPageTest"/>
  <system-out>
    <![CDATA[Clicking on Women tab [[ChromeDriver: chrome on WINDOWS (440ab68da34fb506ac1f312b12e58f5e)] -> xpath: //a[@class='sf-with-ul' and contains(text(),'Women')]]
Getting Page Header[[ChromeDriver: chrome on WINDOWS (440ab68da34fb506ac1f312b12e58f5e)] -> xpath: //h2[contains(text(),'Women')]]]]>
  </system-out>
  <testcase name="verifyUserShouldAddProductToTheCartSuccessfully" time="11.059" classname="com.automation.testsuite.WomenCategoryPageTest"/>
  <system-out>
    <![CDATA[Clicking on Women tab [[ChromeDriver: chrome on WINDOWS (ee7baec4191a68a461b139f6ee2732a3)] -> xpath: //a[@class='sf-with-ul' and contains(text(),'Women')]]
Clicking on Blouse [[ChromeDriver: chrome on WINDOWS (ee7baec4191a68a461b139f6ee2732a3)] -> xpath: //body/div[@id='page']/div[2]/div[1]/div[3]/div[2]/ul[1]/li[2]/div[1]/div[2]/h5[1]/a[1]]
Clearing Quantity [[ChromeDriver: chrome on WINDOWS (ee7baec4191a68a461b139f6ee2732a3)] -> xpath: //input[@id='quantity_wanted']]
Sending text to Quantity [[ChromeDriver: chrome on WINDOWS (ee7baec4191a68a461b139f6ee2732a3)] -> xpath: //input[@id='quantity_wanted']]
Setting Size [[ChromeDriver: chrome on WINDOWS (ee7baec4191a68a461b139f6ee2732a3)] -> xpath: //select[@id='group_1']]
Selecting White Colour [[ChromeDriver: chrome on WINDOWS (ee7baec4191a68a461b139f6ee2732a3)] -> xpath: //a[@name='White']]
Clicking on Add to Cart [[ChromeDriver: chrome on WINDOWS (ee7baec4191a68a461b139f6ee2732a3)] -> xpath: //span[contains(text(),'Add to cart')]]
Getting Confirm Message [[ChromeDriver: chrome on WINDOWS (ee7baec4191a68a461b139f6ee2732a3)] -> xpath: //div[@class='layer_cart_product col-xs-12 col-md-6']]
Clicking on Close button [[ChromeDriver: chrome on WINDOWS (ee7baec4191a68a461b139f6ee2732a3)] -> xpath: //header/div[3]/div[1]/div[1]/div[4]/div[1]/div[1]/span[1]]]]>
  </system-out>
  <testcase name="verifyUserShouldAddProductToTheCartSuccessfully" time="10.209" classname="com.automation.testsuite.WomenCategoryPageTest"/>
  <system-out>
    <![CDATA[Clicking on Women tab [[ChromeDriver: chrome on WINDOWS (593cebf44ffba8e20edf553706e2117e)] -> xpath: //a[@class='sf-with-ul' and contains(text(),'Women')]]
Clicking on Printed Summer Dress with Price tag $28.98 [[ChromeDriver: chrome on WINDOWS (593cebf44ffba8e20edf553706e2117e)] -> xpath: //body/div[@id='page']/div[2]/div[1]/div[3]/div[2]/ul[1]/li[5]/div[1]/div[2]/h5[1]/a[1]]
Clearing Quantity [[ChromeDriver: chrome on WINDOWS (593cebf44ffba8e20edf553706e2117e)] -> xpath: //input[@id='quantity_wanted']]
Sending text to Quantity [[ChromeDriver: chrome on WINDOWS (593cebf44ffba8e20edf553706e2117e)] -> xpath: //input[@id='quantity_wanted']]
Setting Size [[ChromeDriver: chrome on WINDOWS (593cebf44ffba8e20edf553706e2117e)] -> xpath: //select[@id='group_1']]
Selecting Blue Colour [[ChromeDriver: chrome on WINDOWS (593cebf44ffba8e20edf553706e2117e)] -> xpath: //a[@name='Blue']]
Clicking on Add to Cart [[ChromeDriver: chrome on WINDOWS (593cebf44ffba8e20edf553706e2117e)] -> xpath: //span[contains(text(),'Add to cart')]]
Getting Confirm Message [[ChromeDriver: chrome on WINDOWS (593cebf44ffba8e20edf553706e2117e)] -> xpath: //div[@class='layer_cart_product col-xs-12 col-md-6']]
Clicking on Close button [[ChromeDriver: chrome on WINDOWS (593cebf44ffba8e20edf553706e2117e)] -> xpath: //header/div[3]/div[1]/div[1]/div[4]/div[1]/div[1]/span[1]]]]>
  </system-out>
</testsuite> <!-- com.automation.testsuite.WomenCategoryPageTest -->
