<?xml version="1.0" encoding="UTF-8"?>
<!-- Generated by org.testng.reporters.JUnitReportReporter -->
<testsuite skipped="0" hostname="Hriday" name="com.automation.testsuite.CreateAccountPageTest" tests="1" failures="0" timestamp="2022-05-08T10:59:17 CEST" time="11.485" errors="0">
  <testcase name="verifyThatUserShouldCreateAccountSuccessfully" time="11.485" classname="com.automation.testsuite.CreateAccountPageTest"/>
  <system-out>
    <![CDATA[Clicking on Sign In [[ChromeDriver: chrome on WINDOWS (4b3887a8c030291e8b3182f8e657b6ce)] -> xpath: //a[contains(text(),'Sign in')]]
Clicking on Create Account[[ChromeDriver: chrome on WINDOWS (4b3887a8c030291e8b3182f8e657b6ce)] -> xpath: //button[@id='SubmitCreate']]
Clicking on Gender Radio [[ChromeDriver: chrome on WINDOWS (4b3887a8c030291e8b3182f8e657b6ce)] -> xpath: //input[@id='id_gender1']]
Sending text to firstname [[ChromeDriver: chrome on WINDOWS (4b3887a8c030291e8b3182f8e657b6ce)] -> xpath: //input[@id='customer_firstname']]
Sending text to lastname [[ChromeDriver: chrome on WINDOWS (4b3887a8c030291e8b3182f8e657b6ce)] -> xpath: //input[@id='customer_lastname']]
Sending password [[ChromeDriver: chrome on WINDOWS (4b3887a8c030291e8b3182f8e657b6ce)] -> xpath: //input[@id='passwd']]
Setting BirthDate  [[ChromeDriver: chrome on WINDOWS (4b3887a8c030291e8b3182f8e657b6ce)] -> xpath: //select[@id='days']] [[ChromeDriver: chrome on WINDOWS (4b3887a8c030291e8b3182f8e657b6ce)] -> xpath: //select[@id='months']] [[ChromeDriver: chrome on WINDOWS (4b3887a8c030291e8b3182f8e657b6ce)] -> xpath: //select[@id='years']]
Clicking on Newsletter checkbox [[ChromeDriver: chrome on WINDOWS (4b3887a8c030291e8b3182f8e657b6ce)] -> xpath: //input[@id='newsletter']]
Clicking on offer checkbox [[ChromeDriver: chrome on WINDOWS (4b3887a8c030291e8b3182f8e657b6ce)] -> xpath: //input[@id='optin']]
Sending text to firstname [[ChromeDriver: chrome on WINDOWS (4b3887a8c030291e8b3182f8e657b6ce)] -> xpath: //input[@id='firstname']]
Sending text to lastname [[ChromeDriver: chrome on WINDOWS (4b3887a8c030291e8b3182f8e657b6ce)] -> xpath: //input[@id='lastname']]
Sending text to company [[ChromeDriver: chrome on WINDOWS (4b3887a8c030291e8b3182f8e657b6ce)] -> xpath: //input[@id='company']]
Sending text to Address [[ChromeDriver: chrome on WINDOWS (4b3887a8c030291e8b3182f8e657b6ce)] -> xpath: //input[@id='address1']] [[ChromeDriver: chrome on WINDOWS (4b3887a8c030291e8b3182f8e657b6ce)] -> xpath: //input[@id='address2']]
setting state [[ChromeDriver: chrome on WINDOWS (4b3887a8c030291e8b3182f8e657b6ce)] -> xpath: //select[@id='id_country']]
setting state [[ChromeDriver: chrome on WINDOWS (4b3887a8c030291e8b3182f8e657b6ce)] -> xpath: //select[@id='id_state']]
Sending text to city [[ChromeDriver: chrome on WINDOWS (4b3887a8c030291e8b3182f8e657b6ce)] -> xpath: //input[@id='city']]
Sending text to postcode [[ChromeDriver: chrome on WINDOWS (4b3887a8c030291e8b3182f8e657b6ce)] -> xpath: //input[@id='postcode']]
Sending text to additional info [[ChromeDriver: chrome on WINDOWS (4b3887a8c030291e8b3182f8e657b6ce)] -> xpath: //textarea[@id='other']]
Sending text to homephone [[ChromeDriver: chrome on WINDOWS (4b3887a8c030291e8b3182f8e657b6ce)] -> xpath: //input[@id='phone']]
Sending text to mobilephone [[ChromeDriver: chrome on WINDOWS (4b3887a8c030291e8b3182f8e657b6ce)] -> xpath: //input[@id='phone_mobile']]
Sending text to alias [[ChromeDriver: chrome on WINDOWS (4b3887a8c030291e8b3182f8e657b6ce)] -> xpath: //input[@id='alias']]
Clicking on register button [[ChromeDriver: chrome on WINDOWS (4b3887a8c030291e8b3182f8e657b6ce)] -> xpath: //button[@id='submitAccount']]
Clicking on login link [[ChromeDriver: chrome on WINDOWS (4b3887a8c030291e8b3182f8e657b6ce)] -> xpath: //h1[contains(text(),'My account')]]]]>
  </system-out>
</testsuite> <!-- com.automation.testsuite.CreateAccountPageTest -->
