<?xml version="1.0" encoding="UTF-8"?>
<!-- Generated by org.testng.reporters.JUnitReportReporter -->
<testsuite skipped="0" hostname="Hriday" name="com.automation.testsuite.SignPageTest" tests="5" failures="0" timestamp="2022-05-08T10:59:17 CEST" time="46.799" errors="0">
  <testcase name="userShouldNavigateToSignInPageSuccessFully" time="11.772" classname="com.automation.testsuite.SignPageTest"/>
  <system-out>
    <![CDATA[Clicking on Sign In [[ChromeDriver: chrome on WINDOWS (3b0b740606778d5344c30d855cd1db41)] -> xpath: //a[contains(text(),'Sign in')]]
Getting Page Header[[ChromeDriver: chrome on WINDOWS (3b0b740606778d5344c30d855cd1db41)] -> xpath: //h1[contains(text(),'Authentication')]]]]>
  </system-out>
  <testcase name="verifyTheErrorMessageWithInValidCredentials" time="11.047" classname="com.automation.testsuite.SignPageTest"/>
  <system-out>
    <![CDATA[Clicking on Sign In [[ChromeDriver: chrome on WINDOWS (b8dc4638dfc10cd79f29f32f8ee147ff)] -> xpath: //a[contains(text(),'Sign in')]]
Sending text to Password [[ChromeDriver: chrome on WINDOWS (b8dc4638dfc10cd79f29f32f8ee147ff)] -> xpath: //input[@id='passwd']]
Clicking on Sign IN [[ChromeDriver: chrome on WINDOWS (b8dc4638dfc10cd79f29f32f8ee147ff)] -> xpath: //button[@id='SubmitLogin']]
Getting Error Message[[ChromeDriver: chrome on WINDOWS (b8dc4638dfc10cd79f29f32f8ee147ff)] -> xpath: //div[@class='alert alert-danger']//li]]]>
  </system-out>
  <testcase name="verifyTheErrorMessageWithInValidCredentials" time="7.179" classname="com.automation.testsuite.SignPageTest"/>
  <system-out>
    <![CDATA[Clicking on Sign In [[ChromeDriver: chrome on WINDOWS (c37cf23ea0db23644f6a509a6e7bd402)] -> xpath: //a[contains(text(),'Sign in')]]
Sending text to Password [[ChromeDriver: chrome on WINDOWS (c37cf23ea0db23644f6a509a6e7bd402)] -> xpath: //input[@id='passwd']]
Clicking on Sign IN [[ChromeDriver: chrome on WINDOWS (c37cf23ea0db23644f6a509a6e7bd402)] -> xpath: //button[@id='SubmitLogin']]
Getting Error Message[[ChromeDriver: chrome on WINDOWS (c37cf23ea0db23644f6a509a6e7bd402)] -> xpath: //div[@class='alert alert-danger']//li]]]>
  </system-out>
  <testcase name="verifyTheErrorMessageWithInValidCredentials" time="7.653" classname="com.automation.testsuite.SignPageTest"/>
  <system-out>
    <![CDATA[Clicking on Sign In [[ChromeDriver: chrome on WINDOWS (fe02b58df6bbfca04ab4a6b8a7365ece)] -> xpath: //a[contains(text(),'Sign in')]]
Sending text to Password [[ChromeDriver: chrome on WINDOWS (fe02b58df6bbfca04ab4a6b8a7365ece)] -> xpath: //input[@id='passwd']]
Clicking on Sign IN [[ChromeDriver: chrome on WINDOWS (fe02b58df6bbfca04ab4a6b8a7365ece)] -> xpath: //button[@id='SubmitLogin']]
Getting Error Message[[ChromeDriver: chrome on WINDOWS (fe02b58df6bbfca04ab4a6b8a7365ece)] -> xpath: //div[@class='alert alert-danger']//li]]]>
  </system-out>
  <testcase name="verifyTheErrorMessageWithInValidCredentials" time="9.148" classname="com.automation.testsuite.SignPageTest"/>
  <system-out>
    <![CDATA[Clicking on Sign In [[ChromeDriver: chrome on WINDOWS (cf26dd7223f93db2f6cf12f2cea4d935)] -> xpath: //a[contains(text(),'Sign in')]]
Sending text to Password [[ChromeDriver: chrome on WINDOWS (cf26dd7223f93db2f6cf12f2cea4d935)] -> xpath: //input[@id='passwd']]
Clicking on Sign IN [[ChromeDriver: chrome on WINDOWS (cf26dd7223f93db2f6cf12f2cea4d935)] -> xpath: //button[@id='SubmitLogin']]
Getting Error Message[[ChromeDriver: chrome on WINDOWS (cf26dd7223f93db2f6cf12f2cea4d935)] -> xpath: //div[@class='alert alert-danger']//li]]]>
  </system-out>
</testsuite> <!-- com.automation.testsuite.SignPageTest -->
